QinQuanMaker-damage-apk/proguard/seeds.txt
com.ploo.nma.R$attr: int adSize
com.ploo.nma.R$attr: int adSizes
com.ploo.nma.R$attr: int adUnitId
com.ploo.nma.R$attr: int buyButtonAppearance
com.ploo.nma.R$attr: int buyButtonHeight
com.ploo.nma.R$attr: int buyButtonText
com.ploo.nma.R$attr: int buyButtonWidth
com.ploo.nma.R$attr: int cameraBearing
com.ploo.nma.R$attr: int cameraTargetLat
com.ploo.nma.R$attr: int cameraTargetLng
com.ploo.nma.R$attr: int cameraTilt
com.ploo.nma.R$attr: int cameraZoom
com.ploo.nma.R$attr: int environment
com.ploo.nma.R$attr: int fragmentMode
com.ploo.nma.R$attr: int fragmentStyle
com.ploo.nma.R$attr: int mapType
com.ploo.nma.R$attr: int maskedWalletDetailsBackground
com.ploo.nma.R$attr: int maskedWalletDetailsButtonBackground
com.ploo.nma.R$attr: int maskedWalletDetailsButtonTextAppearance
com.ploo.nma.R$attr: int maskedWalletDetailsHeaderTextAppearance
com.ploo.nma.R$attr: int maskedWalletDetailsLogoImageType
com.ploo.nma.R$attr: int maskedWalletDetailsLogoTextColor
com.ploo.nma.R$attr: int maskedWalletDetailsTextAppearance
com.ploo.nma.R$attr: int theme
com.ploo.nma.R$attr: int uiCompass
com.ploo.nma.R$attr: int uiRotateGestures
com.ploo.nma.R$attr: int uiScrollGestures
com.ploo.nma.R$attr: int uiTiltGestures
com.ploo.nma.R$attr: int uiZoomControls
com.ploo.nma.R$attr: int uiZoomGestures
com.ploo.nma.R$attr: int useViewLifecycle
com.ploo.nma.R$attr: int zOrderOnTop
com.ploo.nma.R$color: int common_action_bar_splitter
com.ploo.nma.R$color: int common_signin_btn_dark_text_default
com.ploo.nma.R$color: int common_signin_btn_dark_text_disabled
com.ploo.nma.R$color: int common_signin_btn_dark_text_focused
com.ploo.nma.R$color: int common_signin_btn_dark_text_pressed
com.ploo.nma.R$color: int common_signin_btn_default_background
com.ploo.nma.R$color: int common_signin_btn_light_text_default
com.ploo.nma.R$color: int common_signin_btn_light_text_disabled
com.ploo.nma.R$color: int common_signin_btn_light_text_focused
com.ploo.nma.R$color: int common_signin_btn_light_text_pressed
com.ploo.nma.R$color: int common_signin_btn_text_dark
com.ploo.nma.R$color: int common_signin_btn_text_light
com.ploo.nma.R$color: int wallet_bright_foreground_disabled_holo_light
com.ploo.nma.R$color: int wallet_bright_foreground_holo_dark
com.ploo.nma.R$color: int wallet_bright_foreground_holo_light
com.ploo.nma.R$color: int wallet_dim_foreground_disabled_holo_dark
com.ploo.nma.R$color: int wallet_dim_foreground_holo_dark
com.ploo.nma.R$color: int wallet_dim_foreground_inverse_disabled_holo_dark
com.ploo.nma.R$color: int wallet_dim_foreground_inverse_holo_dark
com.ploo.nma.R$color: int wallet_highlighted_text_holo_dark
com.ploo.nma.R$color: int wallet_highlighted_text_holo_light
com.ploo.nma.R$color: int wallet_hint_foreground_holo_dark
com.ploo.nma.R$color: int wallet_hint_foreground_holo_light
com.ploo.nma.R$color: int wallet_holo_blue_light
...
com.google.android.gms.identity.intents.UserAddressRequest: android.os.Parcelable$Creator CREATOR
com.google.android.gms.identity.intents.model.CountrySpecification: android.os.Parcelable$Creator CREATOR
com.google.android.gms.identity.intents.model.UserAddress: android.os.Parcelable$Creator CREATOR
com.google.android.gms.internal.a: com.google.android.gms.internal.a[] values()
com.google.android.gms.internal.a: com.google.android.gms.internal.a valueOf(java.lang.String)
com.google.android.gms.internal.b: com.google.android.gms.internal.b[] values()
com.google.android.gms.internal.b: com.google.android.gms.internal.b valueOf(java.lang.String)
com.google.android.gms.internal.dz: void setContext(android.content.Context)
com.google.android.gms.internal.ef: android.os.Parcelable$Creator CREATOR
com.google.android.gms.internal.el: com.google.android.gms.internal.el[] values()
com.google.android.gms.internal.el: com.google.android.gms.internal.el valueOf(java.lang.String)
com.google.android.gms.internal.ho: android.os.Parcelable$Creator CREATOR
com.google.android.gms.internal.iv: android.os.Parcelable$Creator CREATOR
com.google.android.gms.internal.ix: android.os.Parcelable$Creator CREATOR
com.google.android.gms.internal.jk: android.os.Parcelable$Creator CREATOR
com.google.android.gms.internal.jm: android.os.Parcelable$Creator CREATOR
com.google.android.gms.internal.jo: android.os.Parcelable$Creator CREATOR
com.google.android.gms.internal.jp: android.os.Parcelable$Creator CREATOR
com.google.android.gms.internal.js: android.os.Parcelable$Creator CREATOR
com.google.android.gms.internal.ju: android.os.Parcelable$Creator CREATOR
com.google.android.gms.internal.jw: android.os.Parcelable$Creator CREATOR
com.google.android.gms.internal.jy: android.os.Parcelable$Creator CREATOR
com.google.android.gms.internal.ki: android.os.Parcelable$Creator CREATOR
com.google.android.gms.internal.kk: android.os.Parcelable$Creator CREATOR
com.google.android.gms.maps.MapView: com.google.android.gms.maps.GoogleMap getMap()
com.google.android.gms.maps.StreetViewPanoramaView: com.google.android.gms.maps.StreetViewPanorama getStreetViewPanorama()
com.google.android.gms.plus.PlusOneButton: void setOnPlusOneClickListener(com.google.android.gms.plus.PlusOneButton$OnPlusOneClickListener)
com.google.android.gms.plus.PlusOneButton: void setAnnotation(int)
com.google.android.gms.plus.PlusOneButton: void setSize(int)
com.google.android.gms.tagmanager.az$a: com.google.android.gms.tagmanager.az$a[] values()
com.google.android.gms.tagmanager.az$a: com.google.android.gms.tagmanager.az$a valueOf(java.lang.String)
com.google.android.gms.tagmanager.bg$a: com.google.android.gms.tagmanager.bg$a[] values()
com.google.android.gms.tagmanager.bg$a: com.google.android.gms.tagmanager.bg$a valueOf(java.lang.String)
com.google.android.gms.tagmanager.cd$a: com.google.android.gms.tagmanager.cd$a[] values()
com.google.android.gms.tagmanager.cd$a: com.google.android.gms.tagmanager.cd$a valueOf(java.lang.String)
com.google.android.gms.wallet.Address: android.os.Parcelable$Creator CREATOR
com.google.android.gms.wallet.Cart: android.os.Parcelable$Creator CREATOR
com.google.android.gms.wallet.CountrySpecification: android.os.Parcelable$Creator CREATOR
com.google.android.gms.wallet.FullWallet: android.os.Parcelable$Creator CREATOR
com.google.android.gms.wallet.FullWalletRequest: android.os.Parcelable$Creator CREATOR
com.google.android.gms.wallet.InstrumentInfo: android.os.Parcelable$Creator CREATOR
com.google.android.gms.wallet.LineItem: android.os.Parcelable$Creator CREATOR
com.google.android.gms.wallet.LoyaltyWalletObject: android.os.Parcelable$Creator CREATOR
com.google.android.gms.wallet.MaskedWallet: android.os.Parcelable$Creator CREATOR
com.google.android.gms.wallet.MaskedWalletRequest: android.os.Parcelable$Creator CREATOR
com.google.android.gms.wallet.NotifyTransactionStatusRequest: android.os.Parcelable$Creator CREATOR