QinQuanMaker-damage-apk/proguard/mapping.txt
com.ploo.nma.BuildConfig -> com.c.a.a:
    boolean DEBUG -> a
com.ploo.nma.R -> com.c.a.b:
com.ploo.nma.R$attr -> com.c.a.c:
    int adSize -> adSize
    int adSizes -> adSizes
    int adUnitId -> adUnitId
    int buyButtonAppearance -> buyButtonAppearance
    int buyButtonHeight -> buyButtonHeight
    int buyButtonText -> buyButtonText
    int buyButtonWidth -> buyButtonWidth
    int cameraBearing -> cameraBearing
    int cameraTargetLat -> cameraTargetLat
    int cameraTargetLng -> cameraTargetLng
    int cameraTilt -> cameraTilt
    int cameraZoom -> cameraZoom
    int environment -> environment
    int fragmentMode -> fragmentMode
    int fragmentStyle -> fragmentStyle
    int mapType -> mapType
    int maskedWalletDetailsBackground -> maskedWalletDetailsBackground
    int maskedWalletDetailsButtonBackground -> maskedWalletDetailsButtonBackground
    int maskedWalletDetailsButtonTextAppearance -> maskedWalletDetailsButtonTextAppearance
    int maskedWalletDetailsHeaderTextAppearance -> maskedWalletDetailsHeaderTextAppearance
    int maskedWalletDetailsLogoImageType -> maskedWalletDetailsLogoImageType
    int maskedWalletDetailsLogoTextColor -> maskedWalletDetailsLogoTextColor
    int maskedWalletDetailsTextAppearance -> maskedWalletDetailsTextAppearance
    int theme -> theme
    int uiCompass -> uiCompass
    int uiRotateGestures -> uiRotateGestures
    int uiScrollGestures -> uiScrollGestures
    int uiTiltGestures -> uiTiltGestures
    int uiZoomControls -> uiZoomControls
    int uiZoomGestures -> uiZoomGestures
    int useViewLifecycle -> useViewLifecycle
com.ploo.nma.R$color -> com.c.a.d:
    int common_action_bar_splitter -> common_action_bar_splitter
    int common_signin_btn_dark_text_default -> common_signin_btn_dark_text_default
    int common_signin_btn_dark_text_disabled -> common_signin_btn_dark_text_disabled
    int common_signin_btn_dark_text_focused -> common_signin_btn_dark_text_focused
    int common_signin_btn_dark_text_pressed -> common_signin_btn_dark_text_pressed
    int common_signin_btn_default_background -> common_signin_btn_default_background
    int common_signin_btn_light_text_default -> common_signin_btn_light_text_default
    int common_signin_btn_light_text_disabled -> common_signin_btn_light_text_disabled
    int common_signin_btn_light_text_focused -> common_signin_btn_light_text_focused
    int common_signin_btn_light_text_pressed -> common_signin_btn_light_text_pressed
    int common_signin_btn_text_dark -> common_signin_btn_text_dark
    int common_signin_btn_text_light -> common_signin_btn_text_light
    int wallet_bright_foreground_disabled_holo_light -> wallet_bright_foreground_disabled_holo_light
    int wallet_bright_foreground_holo_dark -> wallet_bright_foreground_holo_dark
    int wallet_bright_foreground_holo_light -> wallet_bright_foreground_holo_light
    int wallet_dim_foreground_disabled_holo_dark -> wallet_dim_foreground_disabled_holo_dark
    int wallet_dim_foreground_holo_dark -> wallet_dim_foreground_holo_dark
...
com.google.android.gms.games.internal.api.AclsImpl -> com.b.b.a.i.b.a.p:
    com.google.android.gms.games.internal.game.Acls$LoadAclResult v(com.google.android.gms.common.api.Status) -> b
    com.google.android.gms.games.internal.game.Acls$LoadAclResult w(com.google.android.gms.common.api.Status) -> a
com.google.android.gms.games.internal.api.AclsImpl$1 -> com.b.b.a.i.b.a.q:
    com.google.android.gms.common.api.Status wz -> a
    com.google.android.gms.common.api.Status getStatus() -> a
    void release() -> d
com.google.android.gms.games.internal.api.AclsImpl$2 -> com.b.b.a.i.b.a.r:
    void a(com.google.android.gms.games.internal.GamesClientImpl) -> a
    void a(com.google.android.gms.common.api.Api$a) -> a
com.google.android.gms.games.internal.api.AclsImpl$3 -> com.b.b.a.i.b.a.s:
    java.lang.String JY -> a
    void a(com.google.android.gms.games.internal.GamesClientImpl) -> a
    void a(com.google.android.gms.common.api.Api$a) -> a
com.google.android.gms.games.internal.api.AclsImpl$LoadNotifyAclImpl -> com.b.b.a.i.b.a.t:
    com.google.android.gms.games.internal.game.Acls$LoadAclResult x(com.google.android.gms.common.api.Status) -> a
    com.google.android.gms.common.api.Result d(com.google.android.gms.common.api.Status) -> b
com.google.android.gms.games.internal.api.AclsImpl$UpdateNotifyAclImpl -> com.b.b.a.i.b.a.u:
    com.google.android.gms.common.api.Status f(com.google.android.gms.common.api.Status) -> a
    com.google.android.gms.common.api.Result d(com.google.android.gms.common.api.Status) -> b
com.google.android.gms.games.internal.api.GamesMetadataImpl -> com.b.b.a.i.b.a.v:
    com.google.android.gms.games.Game getCurrentGame(com.google.android.gms.common.api.GoogleApiClient) -> a
    com.google.android.gms.common.api.PendingResult loadGame(com.google.android.gms.common.api.GoogleApiClient) -> b
com.google.android.gms.games.internal.api.GamesMetadataImpl$1 -> com.b.b.a.i.b.a.w:
    com.google.android.gms.games.internal.api.GamesMetadataImpl JZ -> a
    void a(com.google.android.gms.games.internal.GamesClientImpl) -> a
    void a(com.google.android.gms.common.api.Api$a) -> a
com.google.android.gms.games.internal.api.GamesMetadataImpl$10 -> com.b.b.a.i.b.a.x:
    java.lang.String Ka -> a
    int Kb -> b
    boolean Kc -> c
    void a(com.google.android.gms.games.internal.GamesClientImpl) -> a
    void a(com.google.android.gms.common.api.Api$a) -> a
com.google.android.gms.games.internal.api.GamesMetadataImpl$11 -> com.b.b.a.i.b.a.y:
    java.lang.String Ka -> a
    int Kb -> b
    boolean JQ -> c
    boolean Kc -> d
    void a(com.google.android.gms.games.internal.GamesClientImpl) -> a
    void a(com.google.android.gms.common.api.Api$a) -> a
com.google.android.gms.games.internal.api.GamesMetadataImpl$12 -> com.b.b.a.i.b.a.z:
    java.lang.String Ka -> a
    int Kb -> b
    boolean Kc -> c
    void a(com.google.android.gms.games.internal.GamesClientImpl) -> a
    void a(com.google.android.gms.common.api.Api$a) -> a
com.google.android.gms.games.internal.api.GamesMetadataImpl$13 -> com.b.b.a.i.b.a.aa:
    java.lang.String Kd -> a
    int Kb -> b
    boolean JQ -> c
    void a(com.google.android.gms.games.internal.GamesClientImpl) -> a
    void a(com.google.android.gms.common.api.Api$a) -> a
com.google.android.gms.games.internal.api.GamesMetadataImpl$14 -> com.b.b.a.i.b.a.ab:
    java.lang.String Kd -> a
    int Kb -> b
    void a(com.google.android.gms.games.internal.GamesClientImpl) -> a
    void a(com.google.android.gms.common.api.Api$a) -> a
com.google.android.gms.games.internal.api.GamesMetadataImpl$15 -> com.b.b.a.i.b.a.ac:
    java.lang.String Kd -> a
    void a(com.google.android.gms.games.internal.GamesClientImpl) -> a
    void a(com.google.android.gms.common.api.Api$a) -> a